Error: Unable to access jarfile /etv_bootserver/etvLink-0.0.1-SNAPSHOT.jar
Java HotSpot(TM) 64-Bit Server VM warning: Native Memory Tracking did not setup properly, using wrong launcher?
[0.001s][warning][gc] -Xloggc is deprecated. Will use -Xlog:gc:/home/service/project/etvLink/logs/gc-etvLink-0.0.1-SNAPSHOT-20230803084346.log instead.
[0.002s][warning][gc] -XX:+PrintGCDetails is deprecated. Will use -Xlog:gc* instead.
2023-08-03 08:43:49.129 [main] INFO  com.yskj.etv.EtvLinkApplication - Starting EtvLinkApplication v0.0.1-SNAPSHOT using Java 11.0.18 on www.customer.esoncloud.com with PID 26795 (/home/service/project/etvLink/etvLink-0.0.1-SNAPSHOT.jar started by root in /home/service/project/etvLink)
2023-08-03 08:43:49.131 [main] DEBUG com.yskj.etv.EtvLinkApplication - Running with Spring Boot v2.7.14, Spring v5.3.29
2023-08-03 08:43:49.131 [main] INFO  com.yskj.etv.EtvLinkApplication - No active profile set, falling back to 1 default profile: "default"
2023-08-03 08:43:49.797 [main] DEBUG i.n.util.internal.logging.InternalLoggerFactory - Using SLF4J as the default logging framework
2023-08-03 08:43:49.811 [main] DEBUG io.netty.util.internal.InternalThreadLocalMap - -Dio.netty.threadLocalMap.stringBuilder.initialSize: 1024
2023-08-03 08:43:49.811 [main] DEBUG io.netty.util.internal.InternalThreadLocalMap - -Dio.netty.threadLocalMap.stringBuilder.maxSize: 4096
2023-08-03 08:43:50.131 [main] DEBUG io.netty.util.internal.PlatformDependent0 - -Dio.netty.noUnsafe: false
2023-08-03 08:43:50.131 [main] DEBUG io.netty.util.internal.PlatformDependent0 - Java version: 11
2023-08-03 08:43:50.133 [main] DEBUG io.netty.util.internal.PlatformDependent0 - sun.misc.Unsafe.theUnsafe: available
2023-08-03 08:43:50.133 [main] DEBUG io.netty.util.internal.PlatformDependent0 - sun.misc.Unsafe.copyMemory: available
2023-08-03 08:43:50.133 [main] DEBUG io.netty.util.internal.PlatformDependent0 - java.nio.Buffer.address: available
2023-08-03 08:43:50.134 [main] DEBUG io.netty.util.internal.PlatformDependent0 - direct buffer constructor: unavailable: Reflective setAccessible(true) disabled
2023-08-03 08:43:50.134 [main] DEBUG io.netty.util.internal.PlatformDependent0 - java.nio.Bits.unaligned: available, true
2023-08-03 08:43:50.135 [main] DEBUG io.netty.util.internal.PlatformDependent0 - jdk.internal.misc.Unsafe.allocateUninitializedArray(int): unavailable: class io.netty.util.internal.PlatformDependent0$6 cannot access class jdk.internal.misc.Unsafe (in module java.base) because module java.base does not export jdk.internal.misc to unnamed module @bf1ec20
2023-08-03 08:43:50.136 [main] DEBUG io.netty.util.internal.PlatformDependent0 - java.nio.DirectByteBuffer.<init>(long, int): unavailable
2023-08-03 08:43:50.136 [main] DEBUG io.netty.util.internal.PlatformDependent - sun.misc.Unsafe: available
2023-08-03 08:43:50.138 [main] DEBUG io.netty.util.internal.PlatformDependent - maxDirectMemory: 528482304 bytes (maybe)
2023-08-03 08:43:50.138 [main] DEBUG io.netty.util.internal.PlatformDependent - -Dio.netty.tmpdir: /tmp (java.io.tmpdir)
2023-08-03 08:43:50.138 [main] DEBUG io.netty.util.internal.PlatformDependent - -Dio.netty.bitMode: 64 (sun.arch.data.model)
2023-08-03 08:43:50.139 [main] DEBUG io.netty.util.internal.PlatformDependent - -Dio.netty.maxDirectMemory: -1 bytes
2023-08-03 08:43:50.139 [main] DEBUG io.netty.util.internal.PlatformDependent - -Dio.netty.uninitializedArrayAllocationThreshold: -1
2023-08-03 08:43:50.140 [main] DEBUG io.netty.util.internal.CleanerJava9 - java.nio.ByteBuffer.cleaner(): available
2023-08-03 08:43:50.140 [main] DEBUG io.netty.util.internal.PlatformDependent - -Dio.netty.noPreferDirect: false
2023-08-03 08:43:50.205 [main] DEBUG i.l.core.resource.AddressResolverGroupProvider - Starting with netty's non-blocking DNS resolver library
2023-08-03 08:43:50.304 [main] DEBUG io.netty.util.NetUtil - -Djava.net.preferIPv4Stack: false
2023-08-03 08:43:50.305 [main] DEBUG io.netty.util.NetUtil - -Djava.net.preferIPv6Addresses: false
2023-08-03 08:43:50.307 [main] DEBUG io.netty.util.NetUtilInitializations - Loopback interface: lo (lo, 0:0:0:0:0:0:0:1%lo)
2023-08-03 08:43:50.308 [main] DEBUG io.netty.util.NetUtil - /proc/sys/net/core/somaxconn: 1024
2023-08-03 08:43:50.325 [main] DEBUG io.lettuce.core.resource.KqueueProvider - Starting without optional kqueue library
2023-08-03 08:43:50.327 [main] DEBUG io.lettuce.core.resource.IOUringProvider - Starting without optional io_uring library
2023-08-03 08:43:50.331 [main] DEBUG io.netty.util.internal.NativeLibraryLoader - -Dio.netty.native.workdir: /tmp (io.netty.tmpdir)
2023-08-03 08:43:50.331 [main] DEBUG io.netty.util.internal.NativeLibraryLoader - -Dio.netty.native.deleteLibAfterLoading: true
2023-08-03 08:43:50.331 [main] DEBUG io.netty.util.internal.NativeLibraryLoader - -Dio.netty.native.tryPatchShadedId: true
2023-08-03 08:43:50.347 [main] DEBUG io.netty.util.internal.NativeLibraryLoader - Successfully loaded the library /tmp/libnetty_transport_native_epoll_x86_642393363173823848439.so
2023-08-03 08:43:50.349 [main] DEBUG io.lettuce.core.resource.EpollProvider - Starting with epoll library
2023-08-03 08:43:50.365 [main] DEBUG io.lettuce.core.resource.DefaultClientResources - -Dio.netty.eventLoopThreads: 28
2023-08-03 08:43:50.375 [main] DEBUG i.l.core.resource.DefaultEventLoopGroupProvider - Creating executor io.netty.util.concurrent.DefaultEventExecutorGroup
2023-08-03 08:43:50.379 [main] DEBUG io.netty.util.ResourceLeakDetector - -Dio.netty.leakDetection.level: simple
2023-08-03 08:43:50.380 [main] DEBUG io.netty.util.ResourceLeakDetector - -Dio.netty.leakDetection.targetRecords: 4
2023-08-03 08:43:50.382 [main] DEBUG io.netty.util.ResourceLeakDetectorFactory - Loaded default ResourceLeakDetector: io.netty.util.ResourceLeakDetector@2e54db99
2023-08-03 08:43:50.389 [main] DEBUG io.netty.util.internal.PlatformDependent - org.jctools-core.MpscChunkedArrayQueue: available
2023-08-03 08:43:50.398 [main] DEBUG reactor.util.Loggers - Using Slf4j logging framework
2023-08-03 08:43:50.449 [main] DEBUG io.lettuce.core.event.jfr.EventRecorderHolder - Starting with JFR support
2023-08-03 08:43:50.544 [main] DEBUG io.lettuce.core.resource.DefaultClientResources - LatencyUtils/HdrUtils are not available, metrics are disabled
2023-08-03 08:43:50.700 [main] INFO  com.yskj.etv.EtvLinkApplication - Started EtvLinkApplication in 1.97 seconds (JVM running for 2.636)
2023-08-03 08:43:50.711 [main] DEBUG c.y.etv.handlermapping.GameHandlerMappingManager - ----->加载GameHandlerComponent的bean数量:0
2023-08-03 08:43:50.714 [Thread-1] INFO  com.yskj.etv.server.GameNetworkServer - 启用epoll: true
2023-08-03 08:43:50.718 [Thread-1] DEBUG io.netty.channel.MultithreadEventLoopGroup - -Dio.netty.eventLoopThreads: 56
2023-08-03 08:43:50.751 [Thread-1] DEBUG io.netty.buffer.PooledByteBufAllocator - -Dio.netty.allocator.numHeapArenas: 5
2023-08-03 08:43:50.752 [Thread-1] DEBUG io.netty.buffer.PooledByteBufAllocator - -Dio.netty.allocator.numDirectArenas: 5
2023-08-03 08:43:50.752 [Thread-1] DEBUG io.netty.buffer.PooledByteBufAllocator - -Dio.netty.allocator.pageSize: 8192
2023-08-03 08:43:50.752 [Thread-1] DEBUG io.netty.buffer.PooledByteBufAllocator - -Dio.netty.allocator.maxOrder: 11
2023-08-03 08:43:50.752 [Thread-1] DEBUG io.netty.buffer.PooledByteBufAllocator - -Dio.netty.allocator.chunkSize: 16777216
2023-08-03 08:43:50.752 [Thread-1] DEBUG io.netty.buffer.PooledByteBufAllocator - -Dio.netty.allocator.smallCacheSize: 256
2023-08-03 08:43:50.752 [Thread-1] DEBUG io.netty.buffer.PooledByteBufAllocator - -Dio.netty.allocator.normalCacheSize: 64
2023-08-03 08:43:50.752 [Thread-1] DEBUG io.netty.buffer.PooledByteBufAllocator - -Dio.netty.allocator.maxCachedBufferCapacity: 32768
2023-08-03 08:43:50.752 [Thread-1] DEBUG io.netty.buffer.PooledByteBufAllocator - -Dio.netty.allocator.cacheTrimInterval: 8192
2023-08-03 08:43:50.753 [Thread-1] DEBUG io.netty.buffer.PooledByteBufAllocator - -Dio.netty.allocator.cacheTrimIntervalMillis: 0
2023-08-03 08:43:50.753 [Thread-1] DEBUG io.netty.buffer.PooledByteBufAllocator - -Dio.netty.allocator.useCacheForAllThreads: true
2023-08-03 08:43:50.753 [Thread-1] DEBUG io.netty.buffer.PooledByteBufAllocator - -Dio.netty.allocator.maxCachedByteBuffersPerChunk: 1023
2023-08-03 08:43:50.764 [Thread-1] INFO  com.yskj.etv.server.GameNetworkServer - ----开始启动Netty服务，port:8088
2023-08-03 08:43:50.769 [Thread-1] DEBUG io.netty.channel.DefaultChannelId - -Dio.netty.processId: 26795 (auto-detected)
2023-08-03 08:43:50.771 [Thread-1] DEBUG io.netty.channel.DefaultChannelId - -Dio.netty.machineId: 00:e0:b4:ff:fe:aa:06:32 (auto-detected)
2023-08-03 08:43:50.791 [Thread-1] DEBUG io.netty.buffer.ByteBufUtil - -Dio.netty.allocator.type: pooled
2023-08-03 08:43:50.792 [Thread-1] DEBUG io.netty.buffer.ByteBufUtil - -Dio.netty.threadLocalDirectBufferSize: 0
2023-08-03 08:43:50.792 [Thread-1] DEBUG io.netty.buffer.ByteBufUtil - -Dio.netty.maxThreadLocalCharBufferSize: 16384
2023-08-03 08:43:50.802 [Thread-1] INFO  com.yskj.etv.server.GameNetworkServer - ----服务器启动成功，port:8088---
Java HotSpot(TM) 64-Bit Server VM warning: Native Memory Tracking did not setup properly, using wrong launcher?
[0.054s][warning][gc] -Xloggc is deprecated. Will use -Xlog:gc:/home/service/project/etvLink/logs/gc-etvLink-0.0.1-SNAPSHOT-20230807095851.log instead.
[0.055s][warning][gc] -XX:+PrintGCDetails is deprecated. Will use -Xlog:gc* instead.
2023-08-07 09:58:54.819 [main] INFO  com.yskj.etv.EtvLinkApplication - Starting EtvLinkApplication v0.0.1-SNAPSHOT using Java 11.0.18 on www.customer.esoncloud.com with PID 9237 (/home/service/project/etvLink/etvLink-0.0.1-SNAPSHOT.jar started by root in /home/service/project/etvLink)
2023-08-07 09:58:54.821 [main] DEBUG com.yskj.etv.EtvLinkApplication - Running with Spring Boot v2.7.14, Spring v5.3.29
2023-08-07 09:58:54.821 [main] INFO  com.yskj.etv.EtvLinkApplication - No active profile set, falling back to 1 default profile: "default"
2023-08-07 09:58:55.699 [main] DEBUG i.n.util.internal.logging.InternalLoggerFactory - Using SLF4J as the default logging framework
2023-08-07 09:58:55.717 [main] DEBUG io.netty.util.internal.InternalThreadLocalMap - -Dio.netty.threadLocalMap.stringBuilder.initialSize: 1024
2023-08-07 09:58:55.717 [main] DEBUG io.netty.util.internal.InternalThreadLocalMap - -Dio.netty.threadLocalMap.stringBuilder.maxSize: 4096
2023-08-07 09:58:56.133 [main] DEBUG io.netty.util.internal.PlatformDependent0 - -Dio.netty.noUnsafe: false
2023-08-07 09:58:56.133 [main] DEBUG io.netty.util.internal.PlatformDependent0 - Java version: 11
2023-08-07 09:58:56.139 [main] DEBUG io.netty.util.internal.PlatformDependent0 - sun.misc.Unsafe.theUnsafe: available
2023-08-07 09:58:56.140 [main] DEBUG io.netty.util.internal.PlatformDependent0 - sun.misc.Unsafe.copyMemory: available
2023-08-07 09:58:56.141 [main] DEBUG io.netty.util.internal.PlatformDependent0 - java.nio.Buffer.address: available
2023-08-07 09:58:56.141 [main] DEBUG io.netty.util.internal.PlatformDependent0 - direct buffer constructor: unavailable: Reflective setAccessible(true) disabled
2023-08-07 09:58:56.142 [main] DEBUG io.netty.util.internal.PlatformDependent0 - java.nio.Bits.unaligned: available, true
2023-08-07 09:58:56.143 [main] DEBUG io.netty.util.internal.PlatformDependent0 - jdk.internal.misc.Unsafe.allocateUninitializedArray(int): unavailable: class io.netty.util.internal.PlatformDependent0$6 cannot access class jdk.internal.misc.Unsafe (in module java.base) because module java.base does not export jdk.internal.misc to unnamed module @4e70a728
2023-08-07 09:58:56.145 [main] DEBUG io.netty.util.internal.PlatformDependent0 - java.nio.DirectByteBuffer.<init>(long, int): unavailable
2023-08-07 09:58:56.145 [main] DEBUG io.netty.util.internal.PlatformDependent - sun.misc.Unsafe: available
2023-08-07 09:58:56.147 [main] DEBUG io.netty.util.internal.PlatformDependent - maxDirectMemory: 528482304 bytes (maybe)
2023-08-07 09:58:56.147 [main] DEBUG io.netty.util.internal.PlatformDependent - -Dio.netty.tmpdir: /tmp (java.io.tmpdir)
2023-08-07 09:58:56.147 [main] DEBUG io.netty.util.internal.PlatformDependent - -Dio.netty.bitMode: 64 (sun.arch.data.model)
2023-08-07 09:58:56.148 [main] DEBUG io.netty.util.internal.PlatformDependent - -Dio.netty.maxDirectMemory: -1 bytes
2023-08-07 09:58:56.148 [main] DEBUG io.netty.util.internal.PlatformDependent - -Dio.netty.uninitializedArrayAllocationThreshold: -1
2023-08-07 09:58:56.149 [main] DEBUG io.netty.util.internal.CleanerJava9 - java.nio.ByteBuffer.cleaner(): available
2023-08-07 09:58:56.149 [main] DEBUG io.netty.util.internal.PlatformDependent - -Dio.netty.noPreferDirect: false
2023-08-07 09:58:56.239 [main] DEBUG i.l.core.resource.AddressResolverGroupProvider - Starting with netty's non-blocking DNS resolver library
2023-08-07 09:58:56.351 [main] DEBUG io.netty.util.NetUtil - -Djava.net.preferIPv4Stack: false
2023-08-07 09:58:56.351 [main] DEBUG io.netty.util.NetUtil - -Djava.net.preferIPv6Addresses: false
2023-08-07 09:58:56.355 [main] DEBUG io.netty.util.NetUtilInitializations - Loopback interface: lo (lo, 0:0:0:0:0:0:0:1%lo)
2023-08-07 09:58:56.356 [main] DEBUG io.netty.util.NetUtil - /proc/sys/net/core/somaxconn: 1024
2023-08-07 09:58:56.382 [main] DEBUG io.lettuce.core.resource.KqueueProvider - Starting without optional kqueue library
2023-08-07 09:58:56.385 [main] DEBUG io.lettuce.core.resource.IOUringProvider - Starting without optional io_uring library
2023-08-07 09:58:56.391 [main] DEBUG io.netty.util.internal.NativeLibraryLoader - -Dio.netty.native.workdir: /tmp (io.netty.tmpdir)
2023-08-07 09:58:56.391 [main] DEBUG io.netty.util.internal.NativeLibraryLoader - -Dio.netty.native.deleteLibAfterLoading: true
2023-08-07 09:58:56.391 [main] DEBUG io.netty.util.internal.NativeLibraryLoader - -Dio.netty.native.tryPatchShadedId: true
2023-08-07 09:58:56.434 [main] DEBUG io.netty.util.internal.NativeLibraryLoader - Successfully loaded the library /tmp/libnetty_transport_native_epoll_x86_641613892053345523362.so
2023-08-07 09:58:56.437 [main] DEBUG io.lettuce.core.resource.EpollProvider - Starting with epoll library
2023-08-07 09:58:56.457 [main] DEBUG io.lettuce.core.resource.DefaultClientResources - -Dio.netty.eventLoopThreads: 28
2023-08-07 09:58:56.470 [main] DEBUG i.l.core.resource.DefaultEventLoopGroupProvider - Creating executor io.netty.util.concurrent.DefaultEventExecutorGroup
2023-08-07 09:58:56.476 [main] DEBUG io.netty.util.ResourceLeakDetector - -Dio.netty.leakDetection.level: simple
2023-08-07 09:58:56.476 [main] DEBUG io.netty.util.ResourceLeakDetector - -Dio.netty.leakDetection.targetRecords: 4
2023-08-07 09:58:56.495 [main] DEBUG io.netty.util.ResourceLeakDetectorFactory - Loaded default ResourceLeakDetector: io.netty.util.ResourceLeakDetector@878452d
2023-08-07 09:58:56.505 [main] DEBUG io.netty.util.internal.PlatformDependent - org.jctools-core.MpscChunkedArrayQueue: available
2023-08-07 09:58:56.515 [main] DEBUG reactor.util.Loggers - Using Slf4j logging framework
2023-08-07 09:58:56.587 [main] DEBUG io.lettuce.core.event.jfr.EventRecorderHolder - Starting with JFR support
2023-08-07 09:58:56.703 [main] DEBUG io.lettuce.core.resource.DefaultClientResources - LatencyUtils/HdrUtils are not available, metrics are disabled
2023-08-07 09:58:56.903 [main] INFO  com.yskj.etv.EtvLinkApplication - Started EtvLinkApplication in 2.621 seconds (JVM running for 4.014)
2023-08-07 09:58:56.914 [Thread-1] INFO  com.yskj.etv.server.GameNetworkServer - 启用epoll: true
2023-08-07 09:58:56.918 [Thread-1] DEBUG io.netty.channel.MultithreadEventLoopGroup - -Dio.netty.eventLoopThreads: 56
2023-08-07 09:58:56.948 [Thread-1] DEBUG io.netty.buffer.PooledByteBufAllocator - -Dio.netty.allocator.numHeapArenas: 5
2023-08-07 09:58:56.948 [Thread-1] DEBUG io.netty.buffer.PooledByteBufAllocator - -Dio.netty.allocator.numDirectArenas: 5
2023-08-07 09:58:56.948 [Thread-1] DEBUG io.netty.buffer.PooledByteBufAllocator - -Dio.netty.allocator.pageSize: 8192
2023-08-07 09:58:56.949 [Thread-1] DEBUG io.netty.buffer.PooledByteBufAllocator - -Dio.netty.allocator.maxOrder: 11
2023-08-07 09:58:56.949 [Thread-1] DEBUG io.netty.buffer.PooledByteBufAllocator - -Dio.netty.allocator.chunkSize: 16777216
2023-08-07 09:58:56.949 [Thread-1] DEBUG io.netty.buffer.PooledByteBufAllocator - -Dio.netty.allocator.smallCacheSize: 256
2023-08-07 09:58:56.949 [Thread-1] DEBUG io.netty.buffer.PooledByteBufAllocator - -Dio.netty.allocator.normalCacheSize: 64
2023-08-07 09:58:56.949 [Thread-1] DEBUG io.netty.buffer.PooledByteBufAllocator - -Dio.netty.allocator.maxCachedBufferCapacity: 32768
2023-08-07 09:58:56.949 [Thread-1] DEBUG io.netty.buffer.PooledByteBufAllocator - -Dio.netty.allocator.cacheTrimInterval: 8192
2023-08-07 09:58:56.949 [Thread-1] DEBUG io.netty.buffer.PooledByteBufAllocator - -Dio.netty.allocator.cacheTrimIntervalMillis: 0
2023-08-07 09:58:56.950 [Thread-1] DEBUG io.netty.buffer.PooledByteBufAllocator - -Dio.netty.allocator.useCacheForAllThreads: true
2023-08-07 09:58:56.950 [Thread-1] DEBUG io.netty.buffer.PooledByteBufAllocator - -Dio.netty.allocator.maxCachedByteBuffersPerChunk: 1023
2023-08-07 09:58:56.960 [Thread-1] INFO  com.yskj.etv.server.GameNetworkServer - ----开始启动Netty服务，port:8088
2023-08-07 09:58:56.964 [Thread-1] DEBUG io.netty.channel.DefaultChannelId - -Dio.netty.processId: 9237 (auto-detected)
2023-08-07 09:58:56.966 [Thread-1] DEBUG io.netty.channel.DefaultChannelId - -Dio.netty.machineId: 00:e0:b4:ff:fe:aa:06:32 (auto-detected)
2023-08-07 09:58:56.985 [Thread-1] DEBUG io.netty.buffer.ByteBufUtil - -Dio.netty.allocator.type: pooled
2023-08-07 09:58:56.985 [Thread-1] DEBUG io.netty.buffer.ByteBufUtil - -Dio.netty.threadLocalDirectBufferSize: 0
2023-08-07 09:58:56.985 [Thread-1] DEBUG io.netty.buffer.ByteBufUtil - -Dio.netty.maxThreadLocalCharBufferSize: 16384
2023-08-07 09:58:56.994 [Thread-1] INFO  com.yskj.etv.server.GameNetworkServer - ----服务器启动成功，port:8088---
Java HotSpot(TM) 64-Bit Server VM warning: Native Memory Tracking did not setup properly, using wrong launcher?
[0.001s][warning][gc] -Xloggc is deprecated. Will use -Xlog:gc:/home/service/project/etvLink/logs/gc-etvLink-0.0.1-SNAPSHOT-20230807100518.log instead.
[0.002s][warning][gc] -XX:+PrintGCDetails is deprecated. Will use -Xlog:gc* instead.
2023-08-07 10:05:20.912 [main] INFO  com.yskj.etv.EtvLinkApplication - Starting EtvLinkApplication v0.0.1-SNAPSHOT using Java 11.0.18 on www.customer.esoncloud.com with PID 10968 (/home/service/project/etvLink/etvLink-0.0.1-SNAPSHOT.jar started by root in /home/service/project/etvLink)
2023-08-07 10:05:20.915 [main] DEBUG com.yskj.etv.EtvLinkApplication - Running with Spring Boot v2.7.14, Spring v5.3.29
2023-08-07 10:05:20.915 [main] INFO  com.yskj.etv.EtvLinkApplication - No active profile set, falling back to 1 default profile: "default"
2023-08-07 10:05:21.592 [main] DEBUG i.n.util.internal.logging.InternalLoggerFactory - Using SLF4J as the default logging framework
2023-08-07 10:05:21.606 [main] DEBUG io.netty.util.internal.InternalThreadLocalMap - -Dio.netty.threadLocalMap.stringBuilder.initialSize: 1024
2023-08-07 10:05:21.607 [main] DEBUG io.netty.util.internal.InternalThreadLocalMap - -Dio.netty.threadLocalMap.stringBuilder.maxSize: 4096
2023-08-07 10:05:21.927 [main] DEBUG io.netty.util.internal.PlatformDependent0 - -Dio.netty.noUnsafe: false
2023-08-07 10:05:21.927 [main] DEBUG io.netty.util.internal.PlatformDependent0 - Java version: 11
2023-08-07 10:05:21.928 [main] DEBUG io.netty.util.internal.PlatformDependent0 - sun.misc.Unsafe.theUnsafe: available
2023-08-07 10:05:21.929 [main] DEBUG io.netty.util.internal.PlatformDependent0 - sun.misc.Unsafe.copyMemory: available
2023-08-07 10:05:21.929 [main] DEBUG io.netty.util.internal.PlatformDependent0 - java.nio.Buffer.address: available
2023-08-07 10:05:21.930 [main] DEBUG io.netty.util.internal.PlatformDependent0 - direct buffer constructor: unavailable: Reflective setAccessible(true) disabled
2023-08-07 10:05:21.930 [main] DEBUG io.netty.util.internal.PlatformDependent0 - java.nio.Bits.unaligned: available, true
2023-08-07 10:05:21.931 [main] DEBUG io.netty.util.internal.PlatformDependent0 - jdk.internal.misc.Unsafe.allocateUninitializedArray(int): unavailable: class io.netty.util.internal.PlatformDependent0$6 cannot access class jdk.internal.misc.Unsafe (in module java.base) because module java.base does not export jdk.internal.misc to unnamed module @4e858e0a
2023-08-07 10:05:21.932 [main] DEBUG io.netty.util.internal.PlatformDependent0 - java.nio.DirectByteBuffer.<init>(long, int): unavailable
2023-08-07 10:05:21.932 [main] DEBUG io.netty.util.internal.PlatformDependent - sun.misc.Unsafe: available
2023-08-07 10:05:21.933 [main] DEBUG io.netty.util.internal.PlatformDependent - maxDirectMemory: 528482304 bytes (maybe)
2023-08-07 10:05:21.933 [main] DEBUG io.netty.util.internal.PlatformDependent - -Dio.netty.tmpdir: /tmp (java.io.tmpdir)
2023-08-07 10:05:21.934 [main] DEBUG io.netty.util.internal.PlatformDependent - -Dio.netty.bitMode: 64 (sun.arch.data.model)
2023-08-07 10:05:21.934 [main] DEBUG io.netty.util.internal.PlatformDependent - -Dio.netty.maxDirectMemory: -1 bytes
2023-08-07 10:05:21.934 [main] DEBUG io.netty.util.internal.PlatformDependent - -Dio.netty.uninitializedArrayAllocationThreshold: -1
2023-08-07 10:05:21.935 [main] DEBUG io.netty.util.internal.CleanerJava9 - java.nio.ByteBuffer.cleaner(): available
2023-08-07 10:05:21.935 [main] DEBUG io.netty.util.internal.PlatformDependent - -Dio.netty.noPreferDirect: false
2023-08-07 10:05:22.002 [main] DEBUG i.l.core.resource.AddressResolverGroupProvider - Starting with netty's non-blocking DNS resolver library
2023-08-07 10:05:22.013 [main] DEBUG io.netty.util.NetUtil - -Djava.net.preferIPv4Stack: false
2023-08-07 10:05:22.013 [main] DEBUG io.netty.util.NetUtil - -Djava.net.preferIPv6Addresses: false
2023-08-07 10:05:22.015 [main] DEBUG io.netty.util.NetUtilInitializations - Loopback interface: lo (lo, 0:0:0:0:0:0:0:1%lo)
2023-08-07 10:05:22.016 [main] DEBUG io.netty.util.NetUtil - /proc/sys/net/core/somaxconn: 1024
2023-08-07 10:05:22.122 [main] DEBUG io.lettuce.core.resource.KqueueProvider - Starting without optional kqueue library
2023-08-07 10:05:22.124 [main] DEBUG io.lettuce.core.resource.IOUringProvider - Starting without optional io_uring library
2023-08-07 10:05:22.128 [main] DEBUG io.netty.util.internal.NativeLibraryLoader - -Dio.netty.native.workdir: /tmp (io.netty.tmpdir)
2023-08-07 10:05:22.128 [main] DEBUG io.netty.util.internal.NativeLibraryLoader - -Dio.netty.native.deleteLibAfterLoading: true
2023-08-07 10:05:22.129 [main] DEBUG io.netty.util.internal.NativeLibraryLoader - -Dio.netty.native.tryPatchShadedId: true
2023-08-07 10:05:22.145 [main] DEBUG io.netty.util.internal.NativeLibraryLoader - Successfully loaded the library /tmp/libnetty_transport_native_epoll_x86_644508087489239715557.so
2023-08-07 10:05:22.147 [main] DEBUG io.lettuce.core.resource.EpollProvider - Starting with epoll library
2023-08-07 10:05:22.163 [main] DEBUG io.lettuce.core.resource.DefaultClientResources - -Dio.netty.eventLoopThreads: 28
2023-08-07 10:05:22.174 [main] DEBUG i.l.core.resource.DefaultEventLoopGroupProvider - Creating executor io.netty.util.concurrent.DefaultEventExecutorGroup
2023-08-07 10:05:22.179 [main] DEBUG io.netty.util.ResourceLeakDetector - -Dio.netty.leakDetection.level: simple
2023-08-07 10:05:22.179 [main] DEBUG io.netty.util.ResourceLeakDetector - -Dio.netty.leakDetection.targetRecords: 4
2023-08-07 10:05:22.181 [main] DEBUG io.netty.util.ResourceLeakDetectorFactory - Loaded default ResourceLeakDetector: io.netty.util.ResourceLeakDetector@65a4798f
2023-08-07 10:05:22.189 [main] DEBUG io.netty.util.internal.PlatformDependent - org.jctools-core.MpscChunkedArrayQueue: available
2023-08-07 10:05:22.197 [main] DEBUG reactor.util.Loggers - Using Slf4j logging framework
2023-08-07 10:05:22.251 [main] DEBUG io.lettuce.core.event.jfr.EventRecorderHolder - Starting with JFR support
2023-08-07 10:05:22.351 [main] DEBUG io.lettuce.core.resource.DefaultClientResources - LatencyUtils/HdrUtils are not available, metrics are disabled
2023-08-07 10:05:22.512 [main] INFO  com.yskj.etv.EtvLinkApplication - Started EtvLinkApplication in 2.001 seconds (JVM running for 2.688)
2023-08-07 10:05:22.523 [Thread-1] INFO  com.yskj.etv.server.GameNetworkServer - 启用epoll: true
2023-08-07 10:05:22.527 [Thread-1] DEBUG io.netty.channel.MultithreadEventLoopGroup - -Dio.netty.eventLoopThreads: 56
2023-08-07 10:05:22.558 [Thread-1] DEBUG io.netty.buffer.PooledByteBufAllocator - -Dio.netty.allocator.numHeapArenas: 5
2023-08-07 10:05:22.559 [Thread-1] DEBUG io.netty.buffer.PooledByteBufAllocator - -Dio.netty.allocator.numDirectArenas: 5
2023-08-07 10:05:22.559 [Thread-1] DEBUG io.netty.buffer.PooledByteBufAllocator - -Dio.netty.allocator.pageSize: 8192
2023-08-07 10:05:22.559 [Thread-1] DEBUG io.netty.buffer.PooledByteBufAllocator - -Dio.netty.allocator.maxOrder: 11
2023-08-07 10:05:22.559 [Thread-1] DEBUG io.netty.buffer.PooledByteBufAllocator - -Dio.netty.allocator.chunkSize: 16777216
2023-08-07 10:05:22.559 [Thread-1] DEBUG io.netty.buffer.PooledByteBufAllocator - -Dio.netty.allocator.smallCacheSize: 256
2023-08-07 10:05:22.559 [Thread-1] DEBUG io.netty.buffer.PooledByteBufAllocator - -Dio.netty.allocator.normalCacheSize: 64
2023-08-07 10:05:22.559 [Thread-1] DEBUG io.netty.buffer.PooledByteBufAllocator - -Dio.netty.allocator.maxCachedBufferCapacity: 32768
2023-08-07 10:05:22.559 [Thread-1] DEBUG io.netty.buffer.PooledByteBufAllocator - -Dio.netty.allocator.cacheTrimInterval: 8192
2023-08-07 10:05:22.559 [Thread-1] DEBUG io.netty.buffer.PooledByteBufAllocator - -Dio.netty.allocator.cacheTrimIntervalMillis: 0
2023-08-07 10:05:22.559 [Thread-1] DEBUG io.netty.buffer.PooledByteBufAllocator - -Dio.netty.allocator.useCacheForAllThreads: true
2023-08-07 10:05:22.560 [Thread-1] DEBUG io.netty.buffer.PooledByteBufAllocator - -Dio.netty.allocator.maxCachedByteBuffersPerChunk: 1023
2023-08-07 10:05:22.570 [Thread-1] INFO  com.yskj.etv.server.GameNetworkServer - ----开始启动Netty服务，port:8135
2023-08-07 10:05:22.575 [Thread-1] DEBUG io.netty.channel.DefaultChannelId - -Dio.netty.processId: 10968 (auto-detected)
2023-08-07 10:05:22.577 [Thread-1] DEBUG io.netty.channel.DefaultChannelId - -Dio.netty.machineId: 00:e0:b4:ff:fe:aa:06:32 (auto-detected)
2023-08-07 10:05:22.597 [Thread-1] DEBUG io.netty.buffer.ByteBufUtil - -Dio.netty.allocator.type: pooled
2023-08-07 10:05:22.597 [Thread-1] DEBUG io.netty.buffer.ByteBufUtil - -Dio.netty.threadLocalDirectBufferSize: 0
2023-08-07 10:05:22.597 [Thread-1] DEBUG io.netty.buffer.ByteBufUtil - -Dio.netty.maxThreadLocalCharBufferSize: 16384
2023-08-07 10:05:22.607 [Thread-1] INFO  com.yskj.etv.server.GameNetworkServer - ----服务器启动成功，port:8135---
2023-08-18 15:08:21.963 [epollEventLoopGroup-5-1] DEBUG io.netty.buffer.AbstractByteBuf - -Dio.netty.buffer.checkAccessible: true
2023-08-18 15:08:21.967 [epollEventLoopGroup-5-1] DEBUG io.netty.buffer.AbstractByteBuf - -Dio.netty.buffer.checkBounds: true
2023-08-18 15:08:21.968 [epollEventLoopGroup-5-1] DEBUG io.netty.util.ResourceLeakDetectorFactory - Loaded default ResourceLeakDetector: io.netty.util.ResourceLeakDetector@4c5f772
2023-08-18 15:08:22.015 [epollEventLoopGroup-5-1] DEBUG io.netty.util.Recycler - -Dio.netty.recycler.maxCapacityPerThread: 4096
2023-08-18 15:08:22.015 [epollEventLoopGroup-5-1] DEBUG io.netty.util.Recycler - -Dio.netty.recycler.maxSharedCapacityFactor: 2
2023-08-18 15:08:22.015 [epollEventLoopGroup-5-1] DEBUG io.netty.util.Recycler - -Dio.netty.recycler.linkCapacity: 16
2023-08-18 15:08:22.015 [epollEventLoopGroup-5-1] DEBUG io.netty.util.Recycler - -Dio.netty.recycler.ratio: 8
2023-08-18 15:08:22.015 [epollEventLoopGroup-5-1] DEBUG io.netty.util.Recycler - -Dio.netty.recycler.delayedQueue.ratio: 8
2023-08-18 15:08:22.042 [epollEventLoopGroup-5-1] WARN  com.yskj.etv.handler.GameRequestDispatcherHandler - 收到非法对象请求数据：io.netty.handler.codec.http.HttpObjectAggregator$AggregatedFullHttpRequest
2023-08-18 15:08:22.043 [epollEventLoopGroup-5-1] DEBUG io.netty.channel.DefaultChannelPipeline - Discarded inbound message HttpObjectAggregator$AggregatedFullHttpRequest(decodeResult: success, version: HTTP/1.1, content: CompositeByteBuf(ridx: 0, widx: 0, cap: 0, components=0))
GET / HTTP/1.1
Host: 192.168.5.50:8135
User-Agent: Mozilla/5.0 (X11; Ubuntu; Linux x86_64; rv:109.0) Gecko/20100101 Firefox/116.0
Accept: text/html,application/xhtml+xml,application/xml;q=0.9,image/avif,image/webp,*/*;q=0.8
Accept-Language: en-US,en;q=0.5
Accept-Encoding: gzip, deflate
Connection: keep-alive
Upgrade-Insecure-Requests: 1
content-length: 0 that reached at the tail of the pipeline. Please check your pipeline configuration.
2023-08-18 15:08:22.051 [epollEventLoopGroup-5-1] DEBUG io.netty.channel.DefaultChannelPipeline - Discarded message pipeline : [IdleStateHandler#0, HttpServerCodec#0, ChunkedWriteHandler#0, HttpObjectAggregator#0, io.netty.handler.codec.http.websocketx.WebSocketServerProtocolHandshakeHandler, io.netty.handler.codec.http.websocketx.Utf8FrameValidator, WebSocketServerProtocolHandler#0, WebSocketDecoderHandler#0, WebSocketEncoderHandler#0, GameChannelConfirmHandler#0, GameRequestDispatcherHandler#0, DefaultChannelPipeline$TailContext#0]. Channel : [id: 0x8d8d15d0, L:/192.168.5.50:8135 - R:/192.168.3.33:50824].
2023-08-18 15:08:22.053 [epollEventLoopGroup-5-1] ERROR com.yskj.etv.handler.GameRequestDispatcherHandler - 服务器内部异常
io.netty.util.IllegalReferenceCountException: refCnt: 0, decrement: 1
	at io.netty.util.internal.ReferenceCountUpdater.toLiveRealRefCnt(ReferenceCountUpdater.java:74)
	at io.netty.util.internal.ReferenceCountUpdater.release(ReferenceCountUpdater.java:138)
	at io.netty.buffer.AbstractReferenceCountedByteBuf.release(AbstractReferenceCountedByteBuf.java:100)
	at io.netty.handler.codec.http.HttpObjectAggregator$AggregatedFullHttpMessage.release(HttpObjectAggregator.java:379)
	at io.netty.util.ReferenceCountUtil.release(ReferenceCountUtil.java:88)
	at io.netty.channel.SimpleChannelInboundHandler.channelRead(SimpleChannelInboundHandler.java:106)
	at io.netty.channel.AbstractChannelHandlerContext.invokeChannelRead(AbstractChannelHandlerContext.java:379)
	at io.netty.channel.AbstractChannelHandlerContext.invokeChannelRead(AbstractChannelHandlerContext.java:365)
	at io.netty.channel.AbstractChannelHandlerContext.fireChannelRead(AbstractChannelHandlerContext.java:357)
	at io.netty.handler.codec.MessageToMessageDecoder.channelRead(MessageToMessageDecoder.java:103)
	at io.netty.channel.AbstractChannelHandlerContext.invokeChannelRead(AbstractChannelHandlerContext.java:379)
	at io.netty.channel.AbstractChannelHandlerContext.invokeChannelRead(AbstractChannelHandlerContext.java:365)
	at io.netty.channel.AbstractChannelHandlerContext.fireChannelRead(AbstractChannelHandlerContext.java:357)
	at io.netty.channel.ChannelInboundHandlerAdapter.channelRead(ChannelInboundHandlerAdapter.java:93)
	at io.netty.handler.codec.http.websocketx.Utf8FrameValidator.channelRead(Utf8FrameValidator.java:82)
	at io.netty.channel.AbstractChannelHandlerContext.invokeChannelRead(AbstractChannelHandlerContext.java:379)
	at io.netty.channel.AbstractChannelHandlerContext.invokeChannelRead(AbstractChannelHandlerContext.java:365)
	at io.netty.channel.AbstractChannelHandlerContext.fireChannelRead(AbstractChannelHandlerContext.java:357)
	at io.netty.handler.codec.http.websocketx.WebSocketServerProtocolHandshakeHandler.channelRead(WebSocketServerProtocolHandshakeHandler.java:65)
	at io.netty.channel.AbstractChannelHandlerContext.invokeChannelRead(AbstractChannelHandlerContext.java:379)
	at io.netty.channel.AbstractChannelHandlerContext.invokeChannelRead(AbstractChannelHandlerContext.java:365)
	at io.netty.channel.AbstractChannelHandlerContext.fireChannelRead(AbstractChannelHandlerContext.java:357)
	at io.netty.handler.codec.MessageToMessageDecoder.channelRead(MessageToMessageDecoder.java:103)
	at io.netty.channel.AbstractChannelHandlerContext.invokeChannelRead(AbstractChannelHandlerContext.java:379)
	at io.netty.channel.AbstractChannelHandlerContext.invokeChannelRead(AbstractChannelHandlerContext.java:365)
	at io.netty.channel.AbstractChannelHandlerContext.fireChannelRead(AbstractChannelHandlerContext.java:357)
	at io.netty.channel.CombinedChannelDuplexHandler$DelegatingChannelHandlerContext.fireChannelRead(CombinedChannelDuplexHandler.java:436)
	at io.netty.handler.codec.ByteToMessageDecoder.fireChannelRead(ByteToMessageDecoder.java:324)
	at io.netty.handler.codec.ByteToMessageDecoder.channelRead(ByteToMessageDecoder.java:296)
	at io.netty.channel.CombinedChannelDuplexHandler.channelRead(CombinedChannelDuplexHandler.java:251)
	at io.netty.channel.AbstractChannelHandlerContext.invokeChannelRead(AbstractChannelHandlerContext.java:379)
	at io.netty.channel.AbstractChannelHandlerContext.invokeChannelRead(AbstractChannelHandlerContext.java:365)
	at io.netty.channel.AbstractChannelHandlerContext.fireChannelRead(AbstractChannelHandlerContext.java:357)
	at io.netty.handler.timeout.IdleStateHandler.channelRead(IdleStateHandler.java:286)
	at io.netty.channel.AbstractChannelHandlerContext.invokeChannelRead(AbstractChannelHandlerContext.java:379)
	at io.netty.channel.AbstractChannelHandlerContext.invokeChannelRead(AbstractChannelHandlerContext.java:365)
	at io.netty.channel.AbstractChannelHandlerContext.fireChannelRead(AbstractChannelHandlerContext.java:357)
	at io.netty.channel.DefaultChannelPipeline$HeadContext.channelRead(DefaultChannelPipeline.java:1410)
	at io.netty.channel.AbstractChannelHandlerContext.invokeChannelRead(AbstractChannelHandlerContext.java:379)
	at io.netty.channel.AbstractChannelHandlerContext.invokeChannelRead(AbstractChannelHandlerContext.java:365)
	at io.netty.channel.DefaultChannelPipeline.fireChannelRead(DefaultChannelPipeline.java:919)
	at io.netty.channel.epoll.AbstractEpollStreamChannel$EpollStreamUnsafe.epollInReady(AbstractEpollStreamChannel.java:795)
	at io.netty.channel.epoll.EpollEventLoop.processReady(EpollEventLoop.java:480)
	at io.netty.channel.epoll.EpollEventLoop.run(EpollEventLoop.java:378)
	at io.netty.util.concurrent.SingleThreadEventExecutor$4.run(SingleThreadEventExecutor.java:989)
	at io.netty.util.internal.ThreadExecutorMap$2.run(ThreadExecutorMap.java:74)
	at io.netty.util.concurrent.FastThreadLocalRunnable.run(FastThreadLocalRunnable.java:30)
	at java.base/java.lang.Thread.run(Thread.java:834)
2023-08-18 15:08:28.913 [epollEventLoopGroup-5-1] DEBUG com.yskj.etv.handler.GameRequestDispatcherHandler - 连接断开
2023-08-18 15:08:31.689 [epollEventLoopGroup-5-2] WARN  com.yskj.etv.handler.GameRequestDispatcherHandler - 收到非法对象请求数据：io.netty.handler.codec.http.HttpObjectAggregator$AggregatedFullHttpRequest
2023-08-18 15:08:31.689 [epollEventLoopGroup-5-2] DEBUG io.netty.channel.DefaultChannelPipeline - Discarded inbound message HttpObjectAggregator$AggregatedFullHttpRequest(decodeResult: success, version: HTTP/1.1, content: CompositeByteBuf(ridx: 0, widx: 0, cap: 0, components=0))
GET / HTTP/1.1
Host: 192.168.1.168:8135
User-Agent: Mozilla/5.0 (X11; Ubuntu; Linux x86_64; rv:109.0) Gecko/20100101 Firefox/116.0
Accept: text/html,application/xhtml+xml,application/xml;q=0.9,image/avif,image/webp,*/*;q=0.8
Accept-Language: en-US,en;q=0.5
Accept-Encoding: gzip, deflate
Connection: keep-alive
Upgrade-Insecure-Requests: 1
content-length: 0 that reached at the tail of the pipeline. Please check your pipeline configuration.
2023-08-18 15:08:31.690 [epollEventLoopGroup-5-2] DEBUG io.netty.channel.DefaultChannelPipeline - Discarded message pipeline : [IdleStateHandler#0, HttpServerCodec#0, ChunkedWriteHandler#0, HttpObjectAggregator#0, io.netty.handler.codec.http.websocketx.WebSocketServerProtocolHandshakeHandler, io.netty.handler.codec.http.websocketx.Utf8FrameValidator, WebSocketServerProtocolHandler#0, WebSocketDecoderHandler#0, WebSocketEncoderHandler#0, GameChannelConfirmHandler#0, GameRequestDispatcherHandler#0, DefaultChannelPipeline$TailContext#0]. Channel : [id: 0x1158db0d, L:/192.168.1.168:8135 - R:/192.168.1.31:36600].
2023-08-18 15:08:31.690 [epollEventLoopGroup-5-2] ERROR com.yskj.etv.handler.GameRequestDispatcherHandler - 服务器内部异常
io.netty.util.IllegalReferenceCountException: refCnt: 0, decrement: 1
	at io.netty.util.internal.ReferenceCountUpdater.toLiveRealRefCnt(ReferenceCountUpdater.java:74)
	at io.netty.util.internal.ReferenceCountUpdater.release(ReferenceCountUpdater.java:138)
	at io.netty.buffer.AbstractReferenceCountedByteBuf.release(AbstractReferenceCountedByteBuf.java:100)
	at io.netty.handler.codec.http.HttpObjectAggregator$AggregatedFullHttpMessage.release(HttpObjectAggregator.java:379)
	at io.netty.util.ReferenceCountUtil.release(ReferenceCountUtil.java:88)
	at io.netty.channel.SimpleChannelInboundHandler.channelRead(SimpleChannelInboundHandler.java:106)
	at io.netty.channel.AbstractChannelHandlerContext.invokeChannelRead(AbstractChannelHandlerContext.java:379)
	at io.netty.channel.AbstractChannelHandlerContext.invokeChannelRead(AbstractChannelHandlerContext.java:365)
	at io.netty.channel.AbstractChannelHandlerContext.fireChannelRead(AbstractChannelHandlerContext.java:357)
	at io.netty.handler.codec.MessageToMessageDecoder.channelRead(MessageToMessageDecoder.java:103)
	at io.netty.channel.AbstractChannelHandlerContext.invokeChannelRead(AbstractChannelHandlerContext.java:379)
	at io.netty.channel.AbstractChannelHandlerContext.invokeChannelRead(AbstractChannelHandlerContext.java:365)
	at io.netty.channel.AbstractChannelHandlerContext.fireChannelRead(AbstractChannelHandlerContext.java:357)
	at io.netty.channel.ChannelInboundHandlerAdapter.channelRead(ChannelInboundHandlerAdapter.java:93)
	at io.netty.handler.codec.http.websocketx.Utf8FrameValidator.channelRead(Utf8FrameValidator.java:82)
	at io.netty.channel.AbstractChannelHandlerContext.invokeChannelRead(AbstractChannelHandlerContext.java:379)
	at io.netty.channel.AbstractChannelHandlerContext.invokeChannelRead(AbstractChannelHandlerContext.java:365)
	at io.netty.channel.AbstractChannelHandlerContext.fireChannelRead(AbstractChannelHandlerContext.java:357)
	at io.netty.handler.codec.http.websocketx.WebSocketServerProtocolHandshakeHandler.channelRead(WebSocketServerProtocolHandshakeHandler.java:65)
	at io.netty.channel.AbstractChannelHandlerContext.invokeChannelRead(AbstractChannelHandlerContext.java:379)
	at io.netty.channel.AbstractChannelHandlerContext.invokeChannelRead(AbstractChannelHandlerContext.java:365)
	at io.netty.channel.AbstractChannelHandlerContext.fireChannelRead(AbstractChannelHandlerContext.java:357)
	at io.netty.handler.codec.MessageToMessageDecoder.channelRead(MessageToMessageDecoder.java:103)
	at io.netty.channel.AbstractChannelHandlerContext.invokeChannelRead(AbstractChannelHandlerContext.java:379)
	at io.netty.channel.AbstractChannelHandlerContext.invokeChannelRead(AbstractChannelHandlerContext.java:365)
	at io.netty.channel.AbstractChannelHandlerContext.fireChannelRead(AbstractChannelHandlerContext.java:357)
	at io.netty.channel.CombinedChannelDuplexHandler$DelegatingChannelHandlerContext.fireChannelRead(CombinedChannelDuplexHandler.java:436)
	at io.netty.handler.codec.ByteToMessageDecoder.fireChannelRead(ByteToMessageDecoder.java:324)
	at io.netty.handler.codec.ByteToMessageDecoder.channelRead(ByteToMessageDecoder.java:296)
	at io.netty.channel.CombinedChannelDuplexHandler.channelRead(CombinedChannelDuplexHandler.java:251)
	at io.netty.channel.AbstractChannelHandlerContext.invokeChannelRead(AbstractChannelHandlerContext.java:379)
	at io.netty.channel.AbstractChannelHandlerContext.invokeChannelRead(AbstractChannelHandlerContext.java:365)
	at io.netty.channel.AbstractChannelHandlerContext.fireChannelRead(AbstractChannelHandlerContext.java:357)
	at io.netty.handler.timeout.IdleStateHandler.channelRead(IdleStateHandler.java:286)
	at io.netty.channel.AbstractChannelHandlerContext.invokeChannelRead(AbstractChannelHandlerContext.java:379)
	at io.netty.channel.AbstractChannelHandlerContext.invokeChannelRead(AbstractChannelHandlerContext.java:365)
	at io.netty.channel.AbstractChannelHandlerContext.fireChannelRead(AbstractChannelHandlerContext.java:357)
	at io.netty.channel.DefaultChannelPipeline$HeadContext.channelRead(DefaultChannelPipeline.java:1410)
	at io.netty.channel.AbstractChannelHandlerContext.invokeChannelRead(AbstractChannelHandlerContext.java:379)
	at io.netty.channel.AbstractChannelHandlerContext.invokeChannelRead(AbstractChannelHandlerContext.java:365)
	at io.netty.channel.DefaultChannelPipeline.fireChannelRead(DefaultChannelPipeline.java:919)
	at io.netty.channel.epoll.AbstractEpollStreamChannel$EpollStreamUnsafe.epollInReady(AbstractEpollStreamChannel.java:795)
	at io.netty.channel.epoll.EpollEventLoop.processReady(EpollEventLoop.java:480)
	at io.netty.channel.epoll.EpollEventLoop.run(EpollEventLoop.java:378)
	at io.netty.util.concurrent.SingleThreadEventExecutor$4.run(SingleThreadEventExecutor.java:989)
	at io.netty.util.internal.ThreadExecutorMap$2.run(ThreadExecutorMap.java:74)
	at io.netty.util.concurrent.FastThreadLocalRunnable.run(FastThreadLocalRunnable.java:30)
	at java.base/java.lang.Thread.run(Thread.java:834)
2023-08-18 15:10:31.694 [epollEventLoopGroup-5-2] DEBUG com.yskj.etv.handler.GameRequestDispatcherHandler - channel idle and to be close,1158db0d
2023-08-18 15:10:31.701 [epollEventLoopGroup-5-2] DEBUG com.yskj.etv.handler.GameRequestDispatcherHandler - 连接断开
2023-08-18 15:10:31.721 [epollEventLoopGroup-5-3] WARN  com.yskj.etv.handler.GameRequestDispatcherHandler - 收到非法对象请求数据：io.netty.handler.codec.http.HttpObjectAggregator$AggregatedFullHttpRequest
2023-08-18 15:10:31.721 [epollEventLoopGroup-5-3] DEBUG io.netty.channel.DefaultChannelPipeline - Discarded inbound message HttpObjectAggregator$AggregatedFullHttpRequest(decodeResult: success, version: HTTP/1.1, content: CompositeByteBuf(ridx: 0, widx: 0, cap: 0, components=0))
GET / HTTP/1.1
Host: 192.168.1.168:8135
User-Agent: Mozilla/5.0 (X11; Ubuntu; Linux x86_64; rv:109.0) Gecko/20100101 Firefox/116.0
Accept: text/html,application/xhtml+xml,application/xml;q=0.9,image/avif,image/webp,*/*;q=0.8
Accept-Language: en-US,en;q=0.5
Accept-Encoding: gzip, deflate
Connection: keep-alive
Upgrade-Insecure-Requests: 1
content-length: 0 that reached at the tail of the pipeline. Please check your pipeline configuration.
2023-08-18 15:10:31.721 [epollEventLoopGroup-5-3] DEBUG io.netty.channel.DefaultChannelPipeline - Discarded message pipeline : [IdleStateHandler#0, HttpServerCodec#0, ChunkedWriteHandler#0, HttpObjectAggregator#0, io.netty.handler.codec.http.websocketx.WebSocketServerProtocolHandshakeHandler, io.netty.handler.codec.http.websocketx.Utf8FrameValidator, WebSocketServerProtocolHandler#0, WebSocketDecoderHandler#0, WebSocketEncoderHandler#0, GameChannelConfirmHandler#0, GameRequestDispatcherHandler#0, DefaultChannelPipeline$TailContext#0]. Channel : [id: 0x4dc07624, L:/192.168.1.168:8135 - R:/192.168.1.31:58452].
2023-08-18 15:10:31.722 [epollEventLoopGroup-5-3] ERROR com.yskj.etv.handler.GameRequestDispatcherHandler - 服务器内部异常
io.netty.util.IllegalReferenceCountException: refCnt: 0, decrement: 1
	at io.netty.util.internal.ReferenceCountUpdater.toLiveRealRefCnt(ReferenceCountUpdater.java:74)
	at io.netty.util.internal.ReferenceCountUpdater.release(ReferenceCountUpdater.java:138)
	at io.netty.buffer.AbstractReferenceCountedByteBuf.release(AbstractReferenceCountedByteBuf.java:100)
	at io.netty.handler.codec.http.HttpObjectAggregator$AggregatedFullHttpMessage.release(HttpObjectAggregator.java:379)
	at io.netty.util.ReferenceCountUtil.release(ReferenceCountUtil.java:88)
	at io.netty.channel.SimpleChannelInboundHandler.channelRead(SimpleChannelInboundHandler.java:106)
	at io.netty.channel.AbstractChannelHandlerContext.invokeChannelRead(AbstractChannelHandlerContext.java:379)
	at io.netty.channel.AbstractChannelHandlerContext.invokeChannelRead(AbstractChannelHandlerContext.java:365)
	at io.netty.channel.AbstractChannelHandlerContext.fireChannelRead(AbstractChannelHandlerContext.java:357)
	at io.netty.handler.codec.MessageToMessageDecoder.channelRead(MessageToMessageDecoder.java:103)
	at io.netty.channel.AbstractChannelHandlerContext.invokeChannelRead(AbstractChannelHandlerContext.java:379)
	at io.netty.channel.AbstractChannelHandlerContext.invokeChannelRead(AbstractChannelHandlerContext.java:365)
	at io.netty.channel.AbstractChannelHandlerContext.fireChannelRead(AbstractChannelHandlerContext.java:357)
	at io.netty.channel.ChannelInboundHandlerAdapter.channelRead(ChannelInboundHandlerAdapter.java:93)
	at io.netty.handler.codec.http.websocketx.Utf8FrameValidator.channelRead(Utf8FrameValidator.java:82)
	at io.netty.channel.AbstractChannelHandlerContext.invokeChannelRead(AbstractChannelHandlerContext.java:379)
	at io.netty.channel.AbstractChannelHandlerContext.invokeChannelRead(AbstractChannelHandlerContext.java:365)
	at io.netty.channel.AbstractChannelHandlerContext.fireChannelRead(AbstractChannelHandlerContext.java:357)
	at io.netty.handler.codec.http.websocketx.WebSocketServerProtocolHandshakeHandler.channelRead(WebSocketServerProtocolHandshakeHandler.java:65)
	at io.netty.channel.AbstractChannelHandlerContext.invokeChannelRead(AbstractChannelHandlerContext.java:379)
	at io.netty.channel.AbstractChannelHandlerContext.invokeChannelRead(AbstractChannelHandlerContext.java:365)
	at io.netty.channel.AbstractChannelHandlerContext.fireChannelRead(AbstractChannelHandlerContext.java:357)
	at io.netty.handler.codec.MessageToMessageDecoder.channelRead(MessageToMessageDecoder.java:103)
	at io.netty.channel.AbstractChannelHandlerContext.invokeChannelRead(AbstractChannelHandlerContext.java:379)
	at io.netty.channel.AbstractChannelHandlerContext.invokeChannelRead(AbstractChannelHandlerContext.java:365)
	at io.netty.channel.AbstractChannelHandlerContext.fireChannelRead(AbstractChannelHandlerContext.java:357)
	at io.netty.channel.CombinedChannelDuplexHandler$DelegatingChannelHandlerContext.fireChannelRead(CombinedChannelDuplexHandler.java:436)
	at io.netty.handler.codec.ByteToMessageDecoder.fireChannelRead(ByteToMessageDecoder.java:324)
	at io.netty.handler.codec.ByteToMessageDecoder.channelRead(ByteToMessageDecoder.java:296)
	at io.netty.channel.CombinedChannelDuplexHandler.channelRead(CombinedChannelDuplexHandler.java:251)
	at io.netty.channel.AbstractChannelHandlerContext.invokeChannelRead(AbstractChannelHandlerContext.java:379)
	at io.netty.channel.AbstractChannelHandlerContext.invokeChannelRead(AbstractChannelHandlerContext.java:365)
	at io.netty.channel.AbstractChannelHandlerContext.fireChannelRead(AbstractChannelHandlerContext.java:357)
	at io.netty.handler.timeout.IdleStateHandler.channelRead(IdleStateHandler.java:286)
	at io.netty.channel.AbstractChannelHandlerContext.invokeChannelRead(AbstractChannelHandlerContext.java:379)
	at io.netty.channel.AbstractChannelHandlerContext.invokeChannelRead(AbstractChannelHandlerContext.java:365)
	at io.netty.channel.AbstractChannelHandlerContext.fireChannelRead(AbstractChannelHandlerContext.java:357)
	at io.netty.channel.DefaultChannelPipeline$HeadContext.channelRead(DefaultChannelPipeline.java:1410)
	at io.netty.channel.AbstractChannelHandlerContext.invokeChannelRead(AbstractChannelHandlerContext.java:379)
	at io.netty.channel.AbstractChannelHandlerContext.invokeChannelRead(AbstractChannelHandlerContext.java:365)
	at io.netty.channel.DefaultChannelPipeline.fireChannelRead(DefaultChannelPipeline.java:919)
	at io.netty.channel.epoll.AbstractEpollStreamChannel$EpollStreamUnsafe.epollInReady(AbstractEpollStreamChannel.java:795)
	at io.netty.channel.epoll.EpollEventLoop.processReady(EpollEventLoop.java:480)
	at io.netty.channel.epoll.EpollEventLoop.run(EpollEventLoop.java:378)
	at io.netty.util.concurrent.SingleThreadEventExecutor$4.run(SingleThreadEventExecutor.java:989)
	at io.netty.util.internal.ThreadExecutorMap$2.run(ThreadExecutorMap.java:74)
	at io.netty.util.concurrent.FastThreadLocalRunnable.run(FastThreadLocalRunnable.java:30)
	at java.base/java.lang.Thread.run(Thread.java:834)
2023-08-18 15:12:31.723 [epollEventLoopGroup-5-3] DEBUG com.yskj.etv.handler.GameRequestDispatcherHandler - channel idle and to be close,4dc07624
2023-08-18 15:12:31.724 [epollEventLoopGroup-5-3] DEBUG com.yskj.etv.handler.GameRequestDispatcherHandler - 连接断开
2023-08-18 15:12:31.745 [epollEventLoopGroup-5-4] WARN  com.yskj.etv.handler.GameRequestDispatcherHandler - 收到非法对象请求数据：io.netty.handler.codec.http.HttpObjectAggregator$AggregatedFullHttpRequest
2023-08-18 15:12:31.745 [epollEventLoopGroup-5-4] DEBUG io.netty.channel.DefaultChannelPipeline - Discarded inbound message HttpObjectAggregator$AggregatedFullHttpRequest(decodeResult: success, version: HTTP/1.1, content: CompositeByteBuf(ridx: 0, widx: 0, cap: 0, components=0))
GET / HTTP/1.1
Host: 192.168.1.168:8135
User-Agent: Mozilla/5.0 (X11; Ubuntu; Linux x86_64; rv:109.0) Gecko/20100101 Firefox/116.0
Accept: text/html,application/xhtml+xml,application/xml;q=0.9,image/avif,image/webp,*/*;q=0.8
Accept-Language: en-US,en;q=0.5
Accept-Encoding: gzip, deflate
Connection: keep-alive
Upgrade-Insecure-Requests: 1
content-length: 0 that reached at the tail of the pipeline. Please check your pipeline configuration.
2023-08-18 15:12:31.746 [epollEventLoopGroup-5-4] DEBUG io.netty.channel.DefaultChannelPipeline - Discarded message pipeline : [IdleStateHandler#0, HttpServerCodec#0, ChunkedWriteHandler#0, HttpObjectAggregator#0, io.netty.handler.codec.http.websocketx.WebSocketServerProtocolHandshakeHandler, io.netty.handler.codec.http.websocketx.Utf8FrameValidator, WebSocketServerProtocolHandler#0, WebSocketDecoderHandler#0, WebSocketEncoderHandler#0, GameChannelConfirmHandler#0, GameRequestDispatcherHandler#0, DefaultChannelPipeline$TailContext#0]. Channel : [id: 0x24799ada, L:/192.168.1.168:8135 - R:/192.168.1.31:58770].
2023-08-18 15:12:31.746 [epollEventLoopGroup-5-4] ERROR com.yskj.etv.handler.GameRequestDispatcherHandler - 服务器内部异常
io.netty.util.IllegalReferenceCountException: refCnt: 0, decrement: 1
	at io.netty.util.internal.ReferenceCountUpdater.toLiveRealRefCnt(ReferenceCountUpdater.java:74)
	at io.netty.util.internal.ReferenceCountUpdater.release(ReferenceCountUpdater.java:138)
	at io.netty.buffer.AbstractReferenceCountedByteBuf.release(AbstractReferenceCountedByteBuf.java:100)
	at io.netty.handler.codec.http.HttpObjectAggregator$AggregatedFullHttpMessage.release(HttpObjectAggregator.java:379)
	at io.netty.util.ReferenceCountUtil.release(ReferenceCountUtil.java:88)
	at io.netty.channel.SimpleChannelInboundHandler.channelRead(SimpleChannelInboundHandler.java:106)
	at io.netty.channel.AbstractChannelHandlerContext.invokeChannelRead(AbstractChannelHandlerContext.java:379)
	at io.netty.channel.AbstractChannelHandlerContext.invokeChannelRead(AbstractChannelHandlerContext.java:365)
	at io.netty.channel.AbstractChannelHandlerContext.fireChannelRead(AbstractChannelHandlerContext.java:357)
	at io.netty.handler.codec.MessageToMessageDecoder.channelRead(MessageToMessageDecoder.java:103)
	at io.netty.channel.AbstractChannelHandlerContext.invokeChannelRead(AbstractChannelHandlerContext.java:379)
	at io.netty.channel.AbstractChannelHandlerContext.invokeChannelRead(AbstractChannelHandlerContext.java:365)
	at io.netty.channel.AbstractChannelHandlerContext.fireChannelRead(AbstractChannelHandlerContext.java:357)
	at io.netty.channel.ChannelInboundHandlerAdapter.channelRead(ChannelInboundHandlerAdapter.java:93)
	at io.netty.handler.codec.http.websocketx.Utf8FrameValidator.channelRead(Utf8FrameValidator.java:82)
	at io.netty.channel.AbstractChannelHandlerContext.invokeChannelRead(AbstractChannelHandlerContext.java:379)
	at io.netty.channel.AbstractChannelHandlerContext.invokeChannelRead(AbstractChannelHandlerContext.java:365)
	at io.netty.channel.AbstractChannelHandlerContext.fireChannelRead(AbstractChannelHandlerContext.java:357)
	at io.netty.handler.codec.http.websocketx.WebSocketServerProtocolHandshakeHandler.channelRead(WebSocketServerProtocolHandshakeHandler.java:65)
	at io.netty.channel.AbstractChannelHandlerContext.invokeChannelRead(AbstractChannelHandlerContext.java:379)
	at io.netty.channel.AbstractChannelHandlerContext.invokeChannelRead(AbstractChannelHandlerContext.java:365)
	at io.netty.channel.AbstractChannelHandlerContext.fireChannelRead(AbstractChannelHandlerContext.java:357)
	at io.netty.handler.codec.MessageToMessageDecoder.channelRead(MessageToMessageDecoder.java:103)
	at io.netty.channel.AbstractChannelHandlerContext.invokeChannelRead(AbstractChannelHandlerContext.java:379)
	at io.netty.channel.AbstractChannelHandlerContext.invokeChannelRead(AbstractChannelHandlerContext.java:365)
	at io.netty.channel.AbstractChannelHandlerContext.fireChannelRead(AbstractChannelHandlerContext.java:357)
	at io.netty.channel.CombinedChannelDuplexHandler$DelegatingChannelHandlerContext.fireChannelRead(CombinedChannelDuplexHandler.java:436)
	at io.netty.handler.codec.ByteToMessageDecoder.fireChannelRead(ByteToMessageDecoder.java:324)
	at io.netty.handler.codec.ByteToMessageDecoder.channelRead(ByteToMessageDecoder.java:296)
	at io.netty.channel.CombinedChannelDuplexHandler.channelRead(CombinedChannelDuplexHandler.java:251)
	at io.netty.channel.AbstractChannelHandlerContext.invokeChannelRead(AbstractChannelHandlerContext.java:379)
	at io.netty.channel.AbstractChannelHandlerContext.invokeChannelRead(AbstractChannelHandlerContext.java:365)
	at io.netty.channel.AbstractChannelHandlerContext.fireChannelRead(AbstractChannelHandlerContext.java:357)
	at io.netty.handler.timeout.IdleStateHandler.channelRead(IdleStateHandler.java:286)
	at io.netty.channel.AbstractChannelHandlerContext.invokeChannelRead(AbstractChannelHandlerContext.java:379)
	at io.netty.channel.AbstractChannelHandlerContext.invokeChannelRead(AbstractChannelHandlerContext.java:365)
	at io.netty.channel.AbstractChannelHandlerContext.fireChannelRead(AbstractChannelHandlerContext.java:357)
	at io.netty.channel.DefaultChannelPipeline$HeadContext.channelRead(DefaultChannelPipeline.java:1410)
	at io.netty.channel.AbstractChannelHandlerContext.invokeChannelRead(AbstractChannelHandlerContext.java:379)
	at io.netty.channel.AbstractChannelHandlerContext.invokeChannelRead(AbstractChannelHandlerContext.java:365)
	at io.netty.channel.DefaultChannelPipeline.fireChannelRead(DefaultChannelPipeline.java:919)
	at io.netty.channel.epoll.AbstractEpollStreamChannel$EpollStreamUnsafe.epollInReady(AbstractEpollStreamChannel.java:795)
	at io.netty.channel.epoll.EpollEventLoop.processReady(EpollEventLoop.java:480)
	at io.netty.channel.epoll.EpollEventLoop.run(EpollEventLoop.java:378)
	at io.netty.util.concurrent.SingleThreadEventExecutor$4.run(SingleThreadEventExecutor.java:989)
	at io.netty.util.internal.ThreadExecutorMap$2.run(ThreadExecutorMap.java:74)
	at io.netty.util.concurrent.FastThreadLocalRunnable.run(FastThreadLocalRunnable.java:30)
	at java.base/java.lang.Thread.run(Thread.java:834)
2023-08-18 15:14:31.747 [epollEventLoopGroup-5-4] DEBUG com.yskj.etv.handler.GameRequestDispatcherHandler - channel idle and to be close,24799ada
2023-08-18 15:14:31.748 [epollEventLoopGroup-5-4] DEBUG com.yskj.etv.handler.GameRequestDispatcherHandler - 连接断开
2023-08-18 15:14:31.769 [epollEventLoopGroup-5-5] WARN  com.yskj.etv.handler.GameRequestDispatcherHandler - 收到非法对象请求数据：io.netty.handler.codec.http.HttpObjectAggregator$AggregatedFullHttpRequest
2023-08-18 15:14:31.770 [epollEventLoopGroup-5-5] DEBUG io.netty.channel.DefaultChannelPipeline - Discarded inbound message HttpObjectAggregator$AggregatedFullHttpRequest(decodeResult: success, version: HTTP/1.1, content: CompositeByteBuf(ridx: 0, widx: 0, cap: 0, components=0))
GET / HTTP/1.1
Host: 192.168.1.168:8135
User-Agent: Mozilla/5.0 (X11; Ubuntu; Linux x86_64; rv:109.0) Gecko/20100101 Firefox/116.0
Accept: text/html,application/xhtml+xml,application/xml;q=0.9,image/avif,image/webp,*/*;q=0.8
Accept-Language: en-US,en;q=0.5
Accept-Encoding: gzip, deflate
Connection: keep-alive
Upgrade-Insecure-Requests: 1
content-length: 0 that reached at the tail of the pipeline. Please check your pipeline configuration.
2023-08-18 15:14:31.770 [epollEventLoopGroup-5-5] DEBUG io.netty.channel.DefaultChannelPipeline - Discarded message pipeline : [IdleStateHandler#0, HttpServerCodec#0, ChunkedWriteHandler#0, HttpObjectAggregator#0, io.netty.handler.codec.http.websocketx.WebSocketServerProtocolHandshakeHandler, io.netty.handler.codec.http.websocketx.Utf8FrameValidator, WebSocketServerProtocolHandler#0, WebSocketDecoderHandler#0, WebSocketEncoderHandler#0, GameChannelConfirmHandler#0, GameRequestDispatcherHandler#0, DefaultChannelPipeline$TailContext#0]. Channel : [id: 0x58e92712, L:/192.168.1.168:8135 - R:/192.168.1.31:44816].
2023-08-18 15:14:31.770 [epollEventLoopGroup-5-5] ERROR com.yskj.etv.handler.GameRequestDispatcherHandler - 服务器内部异常
io.netty.util.IllegalReferenceCountException: refCnt: 0, decrement: 1
	at io.netty.util.internal.ReferenceCountUpdater.toLiveRealRefCnt(ReferenceCountUpdater.java:74)
	at io.netty.util.internal.ReferenceCountUpdater.release(ReferenceCountUpdater.java:138)
	at io.netty.buffer.AbstractReferenceCountedByteBuf.release(AbstractReferenceCountedByteBuf.java:100)
	at io.netty.handler.codec.http.HttpObjectAggregator$AggregatedFullHttpMessage.release(HttpObjectAggregator.java:379)
	at io.netty.util.ReferenceCountUtil.release(ReferenceCountUtil.java:88)
	at io.netty.channel.SimpleChannelInboundHandler.channelRead(SimpleChannelInboundHandler.java:106)
	at io.netty.channel.AbstractChannelHandlerContext.invokeChannelRead(AbstractChannelHandlerContext.java:379)
	at io.netty.channel.AbstractChannelHandlerContext.invokeChannelRead(AbstractChannelHandlerContext.java:365)
	at io.netty.channel.AbstractChannelHandlerContext.fireChannelRead(AbstractChannelHandlerContext.java:357)
	at io.netty.handler.codec.MessageToMessageDecoder.channelRead(MessageToMessageDecoder.java:103)
	at io.netty.channel.AbstractChannelHandlerContext.invokeChannelRead(AbstractChannelHandlerContext.java:379)
	at io.netty.channel.AbstractChannelHandlerContext.invokeChannelRead(AbstractChannelHandlerContext.java:365)
	at io.netty.channel.AbstractChannelHandlerContext.fireChannelRead(AbstractChannelHandlerContext.java:357)
	at io.netty.channel.ChannelInboundHandlerAdapter.channelRead(ChannelInboundHandlerAdapter.java:93)
	at io.netty.handler.codec.http.websocketx.Utf8FrameValidator.channelRead(Utf8FrameValidator.java:82)
	at io.netty.channel.AbstractChannelHandlerContext.invokeChannelRead(AbstractChannelHandlerContext.java:379)
	at io.netty.channel.AbstractChannelHandlerContext.invokeChannelRead(AbstractChannelHandlerContext.java:365)
	at io.netty.channel.AbstractChannelHandlerContext.fireChannelRead(AbstractChannelHandlerContext.java:357)
	at io.netty.handler.codec.http.websocketx.WebSocketServerProtocolHandshakeHandler.channelRead(WebSocketServerProtocolHandshakeHandler.java:65)
	at io.netty.channel.AbstractChannelHandlerContext.invokeChannelRead(AbstractChannelHandlerContext.java:379)
	at io.netty.channel.AbstractChannelHandlerContext.invokeChannelRead(AbstractChannelHandlerContext.java:365)
	at io.netty.channel.AbstractChannelHandlerContext.fireChannelRead(AbstractChannelHandlerContext.java:357)
	at io.netty.handler.codec.MessageToMessageDecoder.channelRead(MessageToMessageDecoder.java:103)
	at io.netty.channel.AbstractChannelHandlerContext.invokeChannelRead(AbstractChannelHandlerContext.java:379)
	at io.netty.channel.AbstractChannelHandlerContext.invokeChannelRead(AbstractChannelHandlerContext.java:365)
	at io.netty.channel.AbstractChannelHandlerContext.fireChannelRead(AbstractChannelHandlerContext.java:357)
	at io.netty.channel.CombinedChannelDuplexHandler$DelegatingChannelHandlerContext.fireChannelRead(CombinedChannelDuplexHandler.java:436)
	at io.netty.handler.codec.ByteToMessageDecoder.fireChannelRead(ByteToMessageDecoder.java:324)
	at io.netty.handler.codec.ByteToMessageDecoder.channelRead(ByteToMessageDecoder.java:296)
	at io.netty.channel.CombinedChannelDuplexHandler.channelRead(CombinedChannelDuplexHandler.java:251)
	at io.netty.channel.AbstractChannelHandlerContext.invokeChannelRead(AbstractChannelHandlerContext.java:379)
	at io.netty.channel.AbstractChannelHandlerContext.invokeChannelRead(AbstractChannelHandlerContext.java:365)
	at io.netty.channel.AbstractChannelHandlerContext.fireChannelRead(AbstractChannelHandlerContext.java:357)
	at io.netty.handler.timeout.IdleStateHandler.channelRead(IdleStateHandler.java:286)
	at io.netty.channel.AbstractChannelHandlerContext.invokeChannelRead(AbstractChannelHandlerContext.java:379)
	at io.netty.channel.AbstractChannelHandlerContext.invokeChannelRead(AbstractChannelHandlerContext.java:365)
	at io.netty.channel.AbstractChannelHandlerContext.fireChannelRead(AbstractChannelHandlerContext.java:357)
	at io.netty.channel.DefaultChannelPipeline$HeadContext.channelRead(DefaultChannelPipeline.java:1410)
	at io.netty.channel.AbstractChannelHandlerContext.invokeChannelRead(AbstractChannelHandlerContext.java:379)
	at io.netty.channel.AbstractChannelHandlerContext.invokeChannelRead(AbstractChannelHandlerContext.java:365)
	at io.netty.channel.DefaultChannelPipeline.fireChannelRead(DefaultChannelPipeline.java:919)
	at io.netty.channel.epoll.AbstractEpollStreamChannel$EpollStreamUnsafe.epollInReady(AbstractEpollStreamChannel.java:795)
	at io.netty.channel.epoll.EpollEventLoop.processReady(EpollEventLoop.java:480)
	at io.netty.channel.epoll.EpollEventLoop.run(EpollEventLoop.java:378)
	at io.netty.util.concurrent.SingleThreadEventExecutor$4.run(SingleThreadEventExecutor.java:989)
	at io.netty.util.internal.ThreadExecutorMap$2.run(ThreadExecutorMap.java:74)
	at io.netty.util.concurrent.FastThreadLocalRunnable.run(FastThreadLocalRunnable.java:30)
	at java.base/java.lang.Thread.run(Thread.java:834)
2023-08-18 15:16:31.771 [epollEventLoopGroup-5-5] DEBUG com.yskj.etv.handler.GameRequestDispatcherHandler - channel idle and to be close,58e92712
2023-08-18 15:16:31.772 [epollEventLoopGroup-5-5] DEBUG com.yskj.etv.handler.GameRequestDispatcherHandler - 连接断开
2023-08-18 15:16:31.778 [epollEventLoopGroup-5-6] WARN  com.yskj.etv.handler.GameRequestDispatcherHandler - 收到非法对象请求数据：io.netty.handler.codec.http.HttpObjectAggregator$AggregatedFullHttpRequest
2023-08-18 15:16:31.778 [epollEventLoopGroup-5-6] DEBUG io.netty.channel.DefaultChannelPipeline - Discarded inbound message HttpObjectAggregator$AggregatedFullHttpRequest(decodeResult: success, version: HTTP/1.1, content: CompositeByteBuf(ridx: 0, widx: 0, cap: 0, components=0))
GET / HTTP/1.1
Host: 192.168.1.168:8135
User-Agent: Mozilla/5.0 (X11; Ubuntu; Linux x86_64; rv:109.0) Gecko/20100101 Firefox/116.0
Accept: text/html,application/xhtml+xml,application/xml;q=0.9,image/avif,image/webp,*/*;q=0.8
Accept-Language: en-US,en;q=0.5
Accept-Encoding: gzip, deflate
Connection: keep-alive
Upgrade-Insecure-Requests: 1
content-length: 0 that reached at the tail of the pipeline. Please check your pipeline configuration.
2023-08-18 15:16:31.778 [epollEventLoopGroup-5-6] DEBUG io.netty.channel.DefaultChannelPipeline - Discarded message pipeline : [IdleStateHandler#0, HttpServerCodec#0, ChunkedWriteHandler#0, HttpObjectAggregator#0, io.netty.handler.codec.http.websocketx.WebSocketServerProtocolHandshakeHandler, io.netty.handler.codec.http.websocketx.Utf8FrameValidator, WebSocketServerProtocolHandler#0, WebSocketDecoderHandler#0, WebSocketEncoderHandler#0, GameChannelConfirmHandler#0, GameRequestDispatcherHandler#0, DefaultChannelPipeline$TailContext#0]. Channel : [id: 0xb3e4bde8, L:/192.168.1.168:8135 - R:/192.168.1.31:41784].
2023-08-18 15:16:31.779 [epollEventLoopGroup-5-6] ERROR com.yskj.etv.handler.GameRequestDispatcherHandler - 服务器内部异常
io.netty.util.IllegalReferenceCountException: refCnt: 0, decrement: 1
	at io.netty.util.internal.ReferenceCountUpdater.toLiveRealRefCnt(ReferenceCountUpdater.java:74)
	at io.netty.util.internal.ReferenceCountUpdater.release(ReferenceCountUpdater.java:138)
	at io.netty.buffer.AbstractReferenceCountedByteBuf.release(AbstractReferenceCountedByteBuf.java:100)
	at io.netty.handler.codec.http.HttpObjectAggregator$AggregatedFullHttpMessage.release(HttpObjectAggregator.java:379)
	at io.netty.util.ReferenceCountUtil.release(ReferenceCountUtil.java:88)
	at io.netty.channel.SimpleChannelInboundHandler.channelRead(SimpleChannelInboundHandler.java:106)
	at io.netty.channel.AbstractChannelHandlerContext.invokeChannelRead(AbstractChannelHandlerContext.java:379)
	at io.netty.channel.AbstractChannelHandlerContext.invokeChannelRead(AbstractChannelHandlerContext.java:365)
	at io.netty.channel.AbstractChannelHandlerContext.fireChannelRead(AbstractChannelHandlerContext.java:357)
	at io.netty.handler.codec.MessageToMessageDecoder.channelRead(MessageToMessageDecoder.java:103)
	at io.netty.channel.AbstractChannelHandlerContext.invokeChannelRead(AbstractChannelHandlerContext.java:379)
	at io.netty.channel.AbstractChannelHandlerContext.invokeChannelRead(AbstractChannelHandlerContext.java:365)
	at io.netty.channel.AbstractChannelHandlerContext.fireChannelRead(AbstractChannelHandlerContext.java:357)
	at io.netty.channel.ChannelInboundHandlerAdapter.channelRead(ChannelInboundHandlerAdapter.java:93)
	at io.netty.handler.codec.http.websocketx.Utf8FrameValidator.channelRead(Utf8FrameValidator.java:82)
	at io.netty.channel.AbstractChannelHandlerContext.invokeChannelRead(AbstractChannelHandlerContext.java:379)
	at io.netty.channel.AbstractChannelHandlerContext.invokeChannelRead(AbstractChannelHandlerContext.java:365)
	at io.netty.channel.AbstractChannelHandlerContext.fireChannelRead(AbstractChannelHandlerContext.java:357)
	at io.netty.handler.codec.http.websocketx.WebSocketServerProtocolHandshakeHandler.channelRead(WebSocketServerProtocolHandshakeHandler.java:65)
	at io.netty.channel.AbstractChannelHandlerContext.invokeChannelRead(AbstractChannelHandlerContext.java:379)
	at io.netty.channel.AbstractChannelHandlerContext.invokeChannelRead(AbstractChannelHandlerContext.java:365)
	at io.netty.channel.AbstractChannelHandlerContext.fireChannelRead(AbstractChannelHandlerContext.java:357)
	at io.netty.handler.codec.MessageToMessageDecoder.channelRead(MessageToMessageDecoder.java:103)
	at io.netty.channel.AbstractChannelHandlerContext.invokeChannelRead(AbstractChannelHandlerContext.java:379)
	at io.netty.channel.AbstractChannelHandlerContext.invokeChannelRead(AbstractChannelHandlerContext.java:365)
	at io.netty.channel.AbstractChannelHandlerContext.fireChannelRead(AbstractChannelHandlerContext.java:357)
	at io.netty.channel.CombinedChannelDuplexHandler$DelegatingChannelHandlerContext.fireChannelRead(CombinedChannelDuplexHandler.java:436)
	at io.netty.handler.codec.ByteToMessageDecoder.fireChannelRead(ByteToMessageDecoder.java:324)
	at io.netty.handler.codec.ByteToMessageDecoder.channelRead(ByteToMessageDecoder.java:296)
	at io.netty.channel.CombinedChannelDuplexHandler.channelRead(CombinedChannelDuplexHandler.java:251)
	at io.netty.channel.AbstractChannelHandlerContext.invokeChannelRead(AbstractChannelHandlerContext.java:379)
	at io.netty.channel.AbstractChannelHandlerContext.invokeChannelRead(AbstractChannelHandlerContext.java:365)
	at io.netty.channel.AbstractChannelHandlerContext.fireChannelRead(AbstractChannelHandlerContext.java:357)
	at io.netty.handler.timeout.IdleStateHandler.channelRead(IdleStateHandler.java:286)
	at io.netty.channel.AbstractChannelHandlerContext.invokeChannelRead(AbstractChannelHandlerContext.java:379)
	at io.netty.channel.AbstractChannelHandlerContext.invokeChannelRead(AbstractChannelHandlerContext.java:365)
	at io.netty.channel.AbstractChannelHandlerContext.fireChannelRead(AbstractChannelHandlerContext.java:357)
	at io.netty.channel.DefaultChannelPipeline$HeadContext.channelRead(DefaultChannelPipeline.java:1410)
	at io.netty.channel.AbstractChannelHandlerContext.invokeChannelRead(AbstractChannelHandlerContext.java:379)
	at io.netty.channel.AbstractChannelHandlerContext.invokeChannelRead(AbstractChannelHandlerContext.java:365)
	at io.netty.channel.DefaultChannelPipeline.fireChannelRead(DefaultChannelPipeline.java:919)
	at io.netty.channel.epoll.AbstractEpollStreamChannel$EpollStreamUnsafe.epollInReady(AbstractEpollStreamChannel.java:795)
	at io.netty.channel.epoll.EpollEventLoop.processReady(EpollEventLoop.java:480)
	at io.netty.channel.epoll.EpollEventLoop.run(EpollEventLoop.java:378)
	at io.netty.util.concurrent.SingleThreadEventExecutor$4.run(SingleThreadEventExecutor.java:989)
	at io.netty.util.internal.ThreadExecutorMap$2.run(ThreadExecutorMap.java:74)
	at io.netty.util.concurrent.FastThreadLocalRunnable.run(FastThreadLocalRunnable.java:30)
	at java.base/java.lang.Thread.run(Thread.java:834)
2023-08-18 15:18:24.258 [epollEventLoopGroup-5-6] DEBUG com.yskj.etv.handler.GameRequestDispatcherHandler - 连接断开
